

   CROSS ASSEMBLER     V10-L41   (8901)  XASS-V                                           Thu 03-Jan-2019 13:05:29      PAGE-0001
											              ARM               0102
Addr     Location Object-Code	   RE Isn  Source Statement  [ ********                       ]				    Error
  		  1 2 3 4 5 6 7 8	   ....*....1....*....2....*....3....*....4....*....5....*....6....*....7....*....8
                  		      0001 ;********************************************************			   
                  		      0002 ;*  startup program for ARM9E			   *			   
                  		      0003 ;********************************************************			   
         00000000 		      0004 	   code32								   
                  		      0005 ;-------------------------------+						   
                  		      0006 ;  Stack area(RAM)		   |	   ｽﾀｯｸｾｸｼｮﾝの定義			   
                  		      0007 ;-------------------------------+						   
                  		      0008 ;_STACK	    sect    stak						   
                  		      0009 ;	    ds	    200H		    ;割込みｽﾀｯｸｻｲｽﾞ			   
                  		      0010 ;IRQSTK_END:									   
                  		      0011 ;	    ds	    400H		    ;ﾕｰｻﾞｽﾀｯｸｻｲｽﾞ			   
                  		      0012 ;USRSTK_END:									   
                  		      0013 ;-------------------------------+						   
                  		      0014 ;  Init section(ROM)		   |	   初期値格納用のｾｸｼｮﾝ定義		   
                  		      0015 ;-------------------------------+						   
00000000          		      0016 _INIT_DATA	   sect	   comm		   ;変数用  (ROM上配置)			   
                  		      0017 ;-------------------------------+						   
                  		      0018 ;  Lib error number area	   |	   数学ﾗｲﾌﾞﾗﾘ用変数定義			   
                  		      0019 ;-------------------------------+						   
00000000          		      0020 D_DATA	   sect	   comm							   
                  		      0021 	   global  _errno							   
         00000000 00000000	      0022 _errno: dd	   0			   ;ｴﾗｰ番号設定領域			   
                  		      0023 										   
                  		      0024 ;-------------------------------+						   
                  		      0025 ;  Interrupt/exception Vectors  |	   割込みﾍﾞｸﾀﾃｰﾌﾞﾙ定義			   
                  		      0026 ;-------------------------------+						   
                  		      0027 ;INTVCT	    sect    code,org=000000h					   
                  		      0028 ;	    b	    start							   
                  		      0029 ;	    :									   
                  		      0030 ;-------------------------------+						   
                  		      0031 ;  Startup routine		   |						   
                  		      0032 ;-------------------------------+						   
00000000          		      0033 C_start	   sect	   code							   
                  		      0034 start:									   
                  		      0035 ;***  ｽﾀｯｸﾎﾟｲﾝﾀの初期化  ***							   
                  		      0036 ;	    mov	    r0,#10010b							   
                  		      0037 ;	    msr	    cpsr,r0 							   
                  		      0038 ;	    ldr	    sp,S_IRQSTK_END	;割込みｽﾀｯｸﾎﾟｲﾝﾀの設定			   
                  		      0039 ;	    mov	    r0,#10000b							   
                  		      0040 ;	    msr	    cpsr,r0							   
                  		      0041 ;	    ldr	    sp,S_USRSTK_END	;ﾕｰｻﾞｽﾀｯｸﾎﾟｲﾝﾀの設定			   
                  		      0042 ;=======  初期値のない変数領域の初期化  =======				   
                  		      0043 ;***  変数領域(B)  ***							   
                  		      0044 	   EXTNAL  _BSS_TOP,_BSS_SIZE						   
00000000 00000000 0030A0E3	      0045 	   mov	   r3,#0	 						   
00000064 00000004 58009FE5	      0046 	   ldr	   r0,S_BSS_TOP							   
00000068 00000008 58209FE5	      0047 	   ldr	   r2,S_BSS_SIZE						   
00000000 0000000C 000052E3	      0048 	   cmp	   r2,#0							   
00000020 00000010 0200000A	      0049 	   beq	   100_next$							   
                  		      0050 100$:									   
00000001 00000014 0130C0E4	      0051 	   strb	   r3,[r0],#1							   
00000001 00000018 012052E2	      0052 	   subs	   r2,r2,#1							   
00000014 0000001C FCFFFF1A	      0053 	   bne	   100$								   
                  		      0054 100_next$:									   


   CROSS ASSEMBLER     V10-L41   (8901)  XASS-V                                           Thu 03-Jan-2019 13:05:29      PAGE-0002
											              ARM               0102
Addr     Location Object-Code	   RE Isn  Source Statement  [ ********                       ]				    Error
  		  1 2 3 4 5 6 7 8	   ....*....1....*....2....*....3....*....4....*....5....*....6....*....7....*....8
                  		      0055 ;=======  初期値のある変数への初期値データのコピー　=======			   
                  		      0056 ;***  変数領域(D)  ***							   
                  		      0057 	   EXTNAL  _DATA_TOP,_DATA_SIZE						   
0000006C 00000020 44009FE5	      0058 	   ldr	   r0,S_DATA_TOP						   
00000074 00000024 48109FE5	      0059 	   ldr	   r1,S_INIT_DATA						   
00000070 00000028 40209FE5	      0060 	   ldr	   r2,S_DATA_SIZE						   
00000000 0000002C 000052E3	      0061 	   cmp	   r2,#0							   
00000044 00000030 0300000A	      0062 	   beq	   200_next$							   
                  		      0063 200$:									   
00000001 00000034 0130D1E4	      0064 	   ldrb	   r3,[r1],#1							   
00000001 00000038 0130C0E4	      0065 	   strb	   r3,[r0],#1							   
00000001 0000003C 012052E2	      0066 	   subs	   r2,r2,#1							   
00000034 00000040 FBFFFF1A	      0067 	   bne	   200$								   
                  		      0068 200_next$:									   
                  		      0069 										   
                  		      0070 ;=======  メイン関数の呼び出し  =======					   
                  		      0071 	   EXTNAL  @bt_main							   
                  		      0072 	   EXTNAL  @main							   
00000000 00000044 0000A0E3	      0073 	   mov	   r0,#0							   
00000060 00000048 10109FE5	      0074 	   ldr	   r1,S_errno							   
00000000 0000004C 000081E5	      0075 	   str	   r0,[r1,#0]		   ;ｴﾗｰ番号設定領域の初期化		   
00000000 00000050 000000EB	    E 0076 	   bl	   @bt_main		      ;メイン関数の呼び出し		   
00000000 00000054 000000EB	    E 0077 	   bl	   @main		   ;メイン関数の呼び出し		   
                  		      0078 ;start_end:									   
         00000058 0000A0E1	      0079 	   NOP									   
                  		      0080 ;	    b	    start_end							   
00000000 0000005C E7FFFFEA	      0081 	   b	   start				   ;無限ループにしました！ 
                  		      0082 										   
         00000060 		      0083 	   bnd	   4								   
                  		      0084 										   
                  		      0085 global S_BSS_SIZE								   
                  		      0086 global S_DATA_SIZE								   
                  		      0087 										   
         00000060 00000000	   R  0088 S_errno	    dd	    _errno						   
                  		      0089 ;S_IRQSTK_END     dd	     IRQSTK_END						   
                  		      0090 ;S_USRSTK_END     dd	     USRSTK_END						   
         00000064 00000000	    E 0091 S_BSS_TOP	    dd	    _BSS_TOP						   
         00000068 00000000	    E 0092 S_BSS_SIZE	    dd	    _BSS_SIZE						   
         0000006C 00000000	    E 0093 S_DATA_TOP	    dd	    _DATA_TOP						   
         00000070 00000000	    E 0094 S_DATA_SIZE	    dd	    _DATA_SIZE						   
         00000074 00000000	   R  0095 S_INIT_DATA	    dd	    _INIT_DATA						   
         00000078 		      0096 	    end	    start							   


   CROSS ASSEMBLER     V10-L41   (8901)  XASS-V           PROGRAM INFORMATION             Thu 03-Jan-2019 13:05:29      PAGE-0003
											              ARM               0102


				     +--------------------+
				     | Source Information |
				     +--------------------+

			      Instruction    Comment	    Macro	   Expansion	  Total		 Error

	  Source  Step            49             47            0                0            96              0

	  Include Step             0              0            0                0             0              0

	  Total   Step            49             47            0                0            96              0







				     +--------------------+
				     | Object Information |
				     +--------------------+

	  Section Name           Type		Top Address	    End Address 	Size

	                         Code		00000000            00000000            00000000 (         0) relocatable
	  _INIT_DATA             Comm		00000000            00000000            00000000 (         0) relocatable
	  D_DATA                 Comm		00000000            00000004            00000004 (         4) relocatable
	  C_start                Code		00000000            00000078            00000078 (       120) relocatable
