.\Debug\TmApp.pdb
C:\WINDOWS\MICROSOFT.NET\FRAMEWORK\V2.0.50727\MSCORWKS.DLL
P:\APP_VNN\11-WAREHOUSE\NEW\FORKEYENCE\KEYENCE - (OFFICIAL VERSION) - COPY\KEYENCE\DEBUG\APP200.OBJ
P:\APP_VNN\11-WAREHOUSE\NEW\FORKEYENCE\KEYENCE - (OFFICIAL VERSION) - COPY\KEYENCE\DEBUG\APP300.OBJ
P:\APP_VNN\11-WAREHOUSE\NEW\FORKEYENCE\KEYENCE - (OFFICIAL VERSION) - COPY\KEYENCE\DEBUG\APP400.OBJ
P:\APP_VNN\11-WAREHOUSE\NEW\FORKEYENCE\KEYENCE - (OFFICIAL VERSION) - COPY\KEYENCE\DEBUG\APP500.OBJ
P:\APP_VNN\11-WAREHOUSE\NEW\FORKEYENCE\KEYENCE - (OFFICIAL VERSION) - COPY\KEYENCE\DEBUG\COMMON.OBJ
P:\APP_VNN\11-WAREHOUSE\NEW\FORKEYENCE\KEYENCE - (OFFICIAL VERSION) - COPY\KEYENCE\DEBUG\MAIN.OBJ
P:\APP_VNN\11-WAREHOUSE\NEW\FORKEYENCE\KEYENCE - (OFFICIAL VERSION) - COPY\KEYENCE\DEBUG\NOKBT1500.OBJ
P:\APP_VNN\11-WAREHOUSE\NEW\FORKEYENCE\KEYENCE - (OFFICIAL VERSION) - COPY\KEYENCE\DEBUG\TMAPP.DLL
P:\APP_VNN\11-WAREHOUSE\NEW\FORKEYENCE\KEYENCE - (OFFICIAL VERSION) - COPY\KEYENCE\DEBUG\TMAPP.DLL.INTERMEDIATE.MANIFEST
P:\app_vnn\11-Warehouse\New\ForKeyence\keyence - (Official Version) - Copy\keyence\Debug\TmApp.exp
P:\app_vnn\11-Warehouse\New\ForKeyence\keyence - (Official Version) - Copy\keyence\Debug\TmApp.lib
P:\APP_VNN\11-WAREHOUSE\NEW\FORKEYENCE\KEYENCE - (OFFICIAL VERSION) - COPY\KEYENCE\DEBUG\TMAPP.MAP
P:\APP_VNN\11-WAREHOUSE\NEW\FORKEYENCE\KEYENCE - (OFFICIAL VERSION) - COPY\KEYENCE\DEBUG\TMAPP.OBJ
P:\APP_VNN\11-WAREHOUSE\NEW\FORKEYENCE\KEYENCE - (OFFICIAL VERSION) - COPY\KEYENCE\DEBUG\TMAPP.PDB
P:\APP_VNN\11-WAREHOUSE\NEW\FORKEYENCE\KEYENCE - (OFFICIAL VERSION) - COPY\KEYENCE\DEBUG\VC100.PDB
P:\APP_VNN\11-WAREHOUSE\NEW\FORKEYENCE\KEYENCE - (OFFICIAL VERSION) - COPY\KEYENCE\DEBUG\VERSION.OBJ
P:\app_vnn\11-Warehouse\New\ForKeyence\keyence - (Official Version) - khoa\keyence\.\Debug\TmApp.dll
P:\app_vnn\11-Warehouse\New\ForKeyence\keyence - (Official Version) - khoa\keyence\.\Debug\TmApp.dll.intermediate.manifest
P:\app_vnn\11-Warehouse\New\ForKeyence\keyence - (Official Version) - khoa\keyence\Debug\App200.obj
P:\app_vnn\11-Warehouse\New\ForKeyence\keyence - (Official Version) - khoa\keyence\Debug\App300.obj
P:\app_vnn\11-Warehouse\New\ForKeyence\keyence - (Official Version) - khoa\keyence\Debug\App400.obj
P:\app_vnn\11-Warehouse\New\ForKeyence\keyence - (Official Version) - khoa\keyence\Debug\App500.obj
P:\app_vnn\11-Warehouse\New\ForKeyence\keyence - (Official Version) - khoa\keyence\Debug\cl.command.1.tlog
P:\app_vnn\11-Warehouse\New\ForKeyence\keyence - (Official Version) - khoa\keyence\Debug\CL.read.1.tlog
P:\app_vnn\11-Warehouse\New\ForKeyence\keyence - (Official Version) - khoa\keyence\Debug\CL.write.1.tlog
P:\app_vnn\11-Warehouse\New\ForKeyence\keyence - (Official Version) - khoa\keyence\Debug\Common.obj
P:\app_vnn\11-Warehouse\New\ForKeyence\keyence - (Official Version) - khoa\keyence\Debug\keyence.vcxprojResolveAssemblyReference.cache
P:\app_vnn\11-Warehouse\New\ForKeyence\keyence - (Official Version) - khoa\keyence\Debug\keyence.write.1.tlog
P:\app_vnn\11-Warehouse\New\ForKeyence\keyence - (Official Version) - khoa\keyence\Debug\link.command.1.tlog
P:\app_vnn\11-Warehouse\New\ForKeyence\keyence - (Official Version) - khoa\keyence\Debug\link.read.1.tlog
P:\app_vnn\11-Warehouse\New\ForKeyence\keyence - (Official Version) - khoa\keyence\Debug\link.write.1.tlog
P:\app_vnn\11-Warehouse\New\ForKeyence\keyence - (Official Version) - khoa\keyence\Debug\main.obj
P:\app_vnn\11-Warehouse\New\ForKeyence\keyence - (Official Version) - khoa\keyence\Debug\mt.command.1.tlog
P:\app_vnn\11-Warehouse\New\ForKeyence\keyence - (Official Version) - khoa\keyence\Debug\mt.read.1.tlog
P:\app_vnn\11-Warehouse\New\ForKeyence\keyence - (Official Version) - khoa\keyence\Debug\mt.write.1.tlog
P:\app_vnn\11-Warehouse\New\ForKeyence\keyence - (Official Version) - khoa\keyence\Debug\nokbt1500.obj
P:\app_vnn\11-Warehouse\New\ForKeyence\keyence - (Official Version) - khoa\keyence\Debug\TmApp.dll.intermediate.manifest
P:\app_vnn\11-Warehouse\New\ForKeyence\keyence - (Official Version) - khoa\keyence\Debug\TmApp.exp
P:\app_vnn\11-Warehouse\New\ForKeyence\keyence - (Official Version) - khoa\keyence\Debug\TmApp.obj
P:\app_vnn\11-Warehouse\New\ForKeyence\keyence - (Official Version) - khoa\keyence\Debug\TmApp.pdb
P:\app_vnn\11-Warehouse\New\ForKeyence\keyence - (Official Version) - khoa\keyence\Debug\vc100.idb
P:\app_vnn\11-Warehouse\New\ForKeyence\keyence - (Official Version) - khoa\keyence\Debug\vc100.pdb
P:\app_vnn\11-Warehouse\New\ForKeyence\keyence - (Official Version) - khoa\keyence\Debug\version.obj
P:\APP_VNN\11-WAREHOUSE\NEW\FORKEYENCE\KEYENCE - (OFFICICAL VERSION)\KEYENCE\DEBUG\APP200.OBJ
P:\APP_VNN\11-WAREHOUSE\NEW\FORKEYENCE\KEYENCE - (OFFICICAL VERSION)\KEYENCE\DEBUG\APP300.OBJ
P:\APP_VNN\11-WAREHOUSE\NEW\FORKEYENCE\KEYENCE - (OFFICICAL VERSION)\KEYENCE\DEBUG\APP400.OBJ
P:\APP_VNN\11-WAREHOUSE\NEW\FORKEYENCE\KEYENCE - (OFFICICAL VERSION)\KEYENCE\DEBUG\APP500.OBJ
P:\APP_VNN\11-WAREHOUSE\NEW\FORKEYENCE\KEYENCE - (OFFICICAL VERSION)\KEYENCE\DEBUG\COMMON.OBJ
P:\APP_VNN\11-WAREHOUSE\NEW\FORKEYENCE\KEYENCE - (OFFICICAL VERSION)\KEYENCE\DEBUG\MAIN.OBJ
P:\APP_VNN\11-WAREHOUSE\NEW\FORKEYENCE\KEYENCE - (OFFICICAL VERSION)\KEYENCE\DEBUG\NOKBT1500.OBJ
P:\APP_VNN\11-WAREHOUSE\NEW\FORKEYENCE\KEYENCE - (OFFICICAL VERSION)\KEYENCE\DEBUG\TMAPP.DLL
P:\app_vnn\11-Warehouse\New\ForKeyence\keyence - (Officical Version)\keyence\Debug\TmApp.exp
P:\app_vnn\11-Warehouse\New\ForKeyence\keyence - (Officical Version)\keyence\Debug\TmApp.lib
P:\APP_VNN\11-WAREHOUSE\NEW\FORKEYENCE\KEYENCE - (OFFICICAL VERSION)\KEYENCE\DEBUG\TMAPP.MAP
P:\APP_VNN\11-WAREHOUSE\NEW\FORKEYENCE\KEYENCE - (OFFICICAL VERSION)\KEYENCE\DEBUG\TMAPP.OBJ
P:\APP_VNN\11-WAREHOUSE\NEW\FORKEYENCE\KEYENCE - (OFFICICAL VERSION)\KEYENCE\DEBUG\TMAPP.PDB
P:\APP_VNN\11-WAREHOUSE\NEW\FORKEYENCE\KEYENCE - (OFFICICAL VERSION)\KEYENCE\DEBUG\VC100.PDB
P:\APP_VNN\11-WAREHOUSE\NEW\FORKEYENCE\KEYENCE - (OFFICICAL VERSION)\KEYENCE\DEBUG\VERSION.OBJ
P:\APP_VNN\11-WAREHOUSE\NEW\FORKEYENCE\KEYENCE - KHOA\KEYENCE\DEBUG\APP200.OBJ
P:\APP_VNN\11-WAREHOUSE\NEW\FORKEYENCE\KEYENCE - KHOA\KEYENCE\DEBUG\APP300.OBJ
P:\APP_VNN\11-WAREHOUSE\NEW\FORKEYENCE\KEYENCE - KHOA\KEYENCE\DEBUG\APP400.OBJ
P:\APP_VNN\11-WAREHOUSE\NEW\FORKEYENCE\KEYENCE - KHOA\KEYENCE\DEBUG\APP500.OBJ
P:\APP_VNN\11-WAREHOUSE\NEW\FORKEYENCE\KEYENCE - KHOA\KEYENCE\DEBUG\COMMON.OBJ
P:\APP_VNN\11-WAREHOUSE\NEW\FORKEYENCE\KEYENCE - KHOA\KEYENCE\DEBUG\MAIN.OBJ
P:\APP_VNN\11-WAREHOUSE\NEW\FORKEYENCE\KEYENCE - KHOA\KEYENCE\DEBUG\NOKBT1500.OBJ
P:\APP_VNN\11-WAREHOUSE\NEW\FORKEYENCE\KEYENCE - KHOA\KEYENCE\DEBUG\TMAPP.DLL
P:\APP_VNN\11-WAREHOUSE\NEW\FORKEYENCE\KEYENCE - KHOA\KEYENCE\DEBUG\TMAPP.DLL.INTERMEDIATE.MANIFEST
P:\app_vnn\11-WAREHOUSE\New\ForKeyence\keyence - KHOA\keyence\Debug\TmApp.exp
P:\app_vnn\11-WAREHOUSE\New\ForKeyence\keyence - KHOA\keyence\Debug\TmApp.lib
P:\APP_VNN\11-WAREHOUSE\NEW\FORKEYENCE\KEYENCE - KHOA\KEYENCE\DEBUG\TMAPP.MAP
P:\APP_VNN\11-WAREHOUSE\NEW\FORKEYENCE\KEYENCE - KHOA\KEYENCE\DEBUG\TMAPP.OBJ
P:\APP_VNN\11-WAREHOUSE\NEW\FORKEYENCE\KEYENCE - KHOA\KEYENCE\DEBUG\TMAPP.PDB
P:\APP_VNN\11-WAREHOUSE\NEW\FORKEYENCE\KEYENCE - KHOA\KEYENCE\DEBUG\VC100.PDB
P:\APP_VNN\11-WAREHOUSE\NEW\FORKEYENCE\KEYENCE - KHOA\KEYENCE\DEBUG\VERSION.OBJ
P:\APP_VNN\11-WAREHOUSE\NEW\FORKEYENCE\KEYENCE - MY HANG CHO\KEYENCE\DEBUG\APP200.OBJ
P:\APP_VNN\11-WAREHOUSE\NEW\FORKEYENCE\KEYENCE - MY HANG CHO\KEYENCE\DEBUG\APP300.OBJ
P:\APP_VNN\11-WAREHOUSE\NEW\FORKEYENCE\KEYENCE - MY HANG CHO\KEYENCE\DEBUG\APP400.OBJ
P:\APP_VNN\11-WAREHOUSE\NEW\FORKEYENCE\KEYENCE - MY HANG CHO\KEYENCE\DEBUG\APP500.OBJ
P:\APP_VNN\11-WAREHOUSE\NEW\FORKEYENCE\KEYENCE - MY HANG CHO\KEYENCE\DEBUG\COMMON.OBJ
P:\APP_VNN\11-WAREHOUSE\NEW\FORKEYENCE\KEYENCE - MY HANG CHO\KEYENCE\DEBUG\MAIN.OBJ
P:\APP_VNN\11-WAREHOUSE\NEW\FORKEYENCE\KEYENCE - MY HANG CHO\KEYENCE\DEBUG\NOKBT1500.OBJ
P:\APP_VNN\11-WAREHOUSE\NEW\FORKEYENCE\KEYENCE - MY HANG CHO\KEYENCE\DEBUG\TMAPP.DLL
P:\APP_VNN\11-WAREHOUSE\NEW\FORKEYENCE\KEYENCE - MY HANG CHO\KEYENCE\DEBUG\TMAPP.DLL.INTERMEDIATE.MANIFEST
P:\app_vnn\11-Warehouse\New\ForKeyence\keyence - My hang cho\keyence\Debug\TmApp.exp
P:\app_vnn\11-Warehouse\New\ForKeyence\keyence - My hang cho\keyence\Debug\TmApp.lib
P:\APP_VNN\11-WAREHOUSE\NEW\FORKEYENCE\KEYENCE - MY HANG CHO\KEYENCE\DEBUG\TMAPP.MAP
P:\APP_VNN\11-WAREHOUSE\NEW\FORKEYENCE\KEYENCE - MY HANG CHO\KEYENCE\DEBUG\TMAPP.OBJ
P:\APP_VNN\11-WAREHOUSE\NEW\FORKEYENCE\KEYENCE - MY HANG CHO\KEYENCE\DEBUG\TMAPP.PDB
P:\APP_VNN\11-WAREHOUSE\NEW\FORKEYENCE\KEYENCE - MY HANG CHO\KEYENCE\DEBUG\VC100.PDB
P:\APP_VNN\11-WAREHOUSE\NEW\FORKEYENCE\KEYENCE - MY HANG CHO\KEYENCE\DEBUG\VERSION.OBJ
P:\APP_VNN\11-WAREHOUSE\NEW\FORKEYENCE\KEYENCE - MY\KEYENCE\DEBUG\APP200.OBJ
P:\APP_VNN\11-WAREHOUSE\NEW\FORKEYENCE\KEYENCE - MY\KEYENCE\DEBUG\APP300.OBJ
P:\APP_VNN\11-WAREHOUSE\NEW\FORKEYENCE\KEYENCE - MY\KEYENCE\DEBUG\APP400.OBJ
P:\APP_VNN\11-WAREHOUSE\NEW\FORKEYENCE\KEYENCE - MY\KEYENCE\DEBUG\APP500.OBJ
P:\APP_VNN\11-WAREHOUSE\NEW\FORKEYENCE\KEYENCE - MY\KEYENCE\DEBUG\COMMON.OBJ
P:\APP_VNN\11-WAREHOUSE\NEW\FORKEYENCE\KEYENCE - MY\KEYENCE\DEBUG\MAIN.OBJ
P:\APP_VNN\11-WAREHOUSE\NEW\FORKEYENCE\KEYENCE - MY\KEYENCE\DEBUG\NOKBT1500.OBJ
P:\APP_VNN\11-WAREHOUSE\NEW\FORKEYENCE\KEYENCE - MY\KEYENCE\DEBUG\TMAPP.DLL
P:\APP_VNN\11-WAREHOUSE\NEW\FORKEYENCE\KEYENCE - MY\KEYENCE\DEBUG\TMAPP.DLL.INTERMEDIATE.MANIFEST
P:\app_vnn\11-Warehouse\New\ForKeyence\keyence - My\keyence\Debug\TmApp.exp
P:\app_vnn\11-Warehouse\New\ForKeyence\keyence - My\keyence\Debug\TmApp.lib
P:\APP_VNN\11-WAREHOUSE\NEW\FORKEYENCE\KEYENCE - MY\KEYENCE\DEBUG\TMAPP.MAP
P:\APP_VNN\11-WAREHOUSE\NEW\FORKEYENCE\KEYENCE - MY\KEYENCE\DEBUG\TMAPP.OBJ
P:\APP_VNN\11-WAREHOUSE\NEW\FORKEYENCE\KEYENCE - MY\KEYENCE\DEBUG\TMAPP.PDB
P:\APP_VNN\11-WAREHOUSE\NEW\FORKEYENCE\KEYENCE - MY\KEYENCE\DEBUG\VC100.PDB
P:\APP_VNN\11-WAREHOUSE\NEW\FORKEYENCE\KEYENCE - MY\KEYENCE\DEBUG\VERSION.OBJ
P:\APP_VNN\11-WAREHOUSE\NEW\FORKEYENCE\KEYENCE -WAITING OS\KEYENCE\DEBUG\APP200.OBJ
P:\APP_VNN\11-WAREHOUSE\NEW\FORKEYENCE\KEYENCE -WAITING OS\KEYENCE\DEBUG\APP300.OBJ
P:\APP_VNN\11-WAREHOUSE\NEW\FORKEYENCE\KEYENCE -WAITING OS\KEYENCE\DEBUG\APP400.OBJ
P:\APP_VNN\11-WAREHOUSE\NEW\FORKEYENCE\KEYENCE -WAITING OS\KEYENCE\DEBUG\APP500.OBJ
P:\APP_VNN\11-WAREHOUSE\NEW\FORKEYENCE\KEYENCE -WAITING OS\KEYENCE\DEBUG\COMMON.OBJ
P:\APP_VNN\11-WAREHOUSE\NEW\FORKEYENCE\KEYENCE -WAITING OS\KEYENCE\DEBUG\NOKBT1500.OBJ
P:\APP_VNN\11-WAREHOUSE\NEW\FORKEYENCE\KEYENCE -WAITING OS\KEYENCE\DEBUG\TMAPP.DLL
P:\APP_VNN\11-WAREHOUSE\NEW\FORKEYENCE\KEYENCE -WAITING OS\KEYENCE\DEBUG\TMAPP.DLL.INTERMEDIATE.MANIFEST
P:\app_vnn\11-Warehouse\New\ForKeyence\keyence -Waiting OS\keyence\Debug\TmApp.exp
P:\app_vnn\11-Warehouse\New\ForKeyence\keyence -Waiting OS\keyence\Debug\TmApp.lib
P:\APP_VNN\11-WAREHOUSE\NEW\FORKEYENCE\KEYENCE -WAITING OS\KEYENCE\DEBUG\TMAPP.MAP
P:\APP_VNN\11-WAREHOUSE\NEW\FORKEYENCE\KEYENCE -WAITING OS\KEYENCE\DEBUG\TMAPP.OBJ
P:\APP_VNN\11-WAREHOUSE\NEW\FORKEYENCE\KEYENCE -WAITING OS\KEYENCE\DEBUG\TMAPP.PDB
P:\APP_VNN\11-WAREHOUSE\NEW\FORKEYENCE\KEYENCE -WAITING OS\KEYENCE\DEBUG\VC100.PDB
P:\APP_VNN\11-WAREHOUSE\NEW\FORKEYENCE\KEYENCE -WAITING OS\KEYENCE\DEBUG\VERSION.OBJ
P:\APP_VNN\11-WAREHOUSE\NEW\FORKEYENCE\KEYENCE(OFFICIAL VERSION)\KEYENCE\DEBUG\APP200.OBJ
P:\APP_VNN\11-WAREHOUSE\NEW\FORKEYENCE\KEYENCE(OFFICIAL VERSION)\KEYENCE\DEBUG\APP300.OBJ
P:\APP_VNN\11-WAREHOUSE\NEW\FORKEYENCE\KEYENCE(OFFICIAL VERSION)\KEYENCE\DEBUG\APP400.OBJ
P:\APP_VNN\11-WAREHOUSE\NEW\FORKEYENCE\KEYENCE(OFFICIAL VERSION)\KEYENCE\DEBUG\APP500.OBJ
P:\APP_VNN\11-WAREHOUSE\NEW\FORKEYENCE\KEYENCE(OFFICIAL VERSION)\KEYENCE\DEBUG\COMMON.OBJ
P:\APP_VNN\11-WAREHOUSE\NEW\FORKEYENCE\KEYENCE(OFFICIAL VERSION)\KEYENCE\DEBUG\MAIN.OBJ
P:\APP_VNN\11-WAREHOUSE\NEW\FORKEYENCE\KEYENCE(OFFICIAL VERSION)\KEYENCE\DEBUG\NOKBT1500.OBJ
P:\APP_VNN\11-WAREHOUSE\NEW\FORKEYENCE\KEYENCE(OFFICIAL VERSION)\KEYENCE\DEBUG\TMAPP.DLL
P:\APP_VNN\11-WAREHOUSE\NEW\FORKEYENCE\KEYENCE(OFFICIAL VERSION)\KEYENCE\DEBUG\TMAPP.DLL.INTERMEDIATE.MANIFEST
P:\app_vnn\11-Warehouse\New\ForKeyence\keyence(Official Version)\keyence\Debug\TmApp.exp
P:\app_vnn\11-Warehouse\New\ForKeyence\keyence(Official Version)\keyence\Debug\TmApp.lib
P:\APP_VNN\11-WAREHOUSE\NEW\FORKEYENCE\KEYENCE(OFFICIAL VERSION)\KEYENCE\DEBUG\TMAPP.MAP
P:\APP_VNN\11-WAREHOUSE\NEW\FORKEYENCE\KEYENCE(OFFICIAL VERSION)\KEYENCE\DEBUG\TMAPP.OBJ
P:\APP_VNN\11-WAREHOUSE\NEW\FORKEYENCE\KEYENCE(OFFICIAL VERSION)\KEYENCE\DEBUG\TMAPP.PDB
P:\APP_VNN\11-WAREHOUSE\NEW\FORKEYENCE\KEYENCE(OFFICIAL VERSION)\KEYENCE\DEBUG\VC100.PDB
P:\APP_VNN\11-WAREHOUSE\NEW\FORKEYENCE\KEYENCE(OFFICIAL VERSION)\KEYENCE\DEBUG\VERSION.OBJ
